c:\users\esther\desktop\ksp_2d\cppcoursework2020-v101\debug\vc141.pdb
c:\users\esther\desktop\ksp_2d\cppcoursework2020-v101\debug\draggingdemo.sbr
c:\users\esther\desktop\ksp_2d\cppcoursework2020-v101\debug\drawingsurface.sbr
c:\users\esther\desktop\ksp_2d\cppcoursework2020-v101\debug\flashingdemo.sbr
c:\users\esther\desktop\ksp_2d\cppcoursework2020-v101\debug\imageobjectdemo.sbr
c:\users\esther\desktop\ksp_2d\cppcoursework2020-v101\debug\jigsawdemo.sbr
c:\users\esther\desktop\ksp_2d\cppcoursework2020-v101\debug\mainfunction.sbr
c:\users\esther\desktop\ksp_2d\cppcoursework2020-v101\debug\baseengine.sbr
c:\users\esther\desktop\ksp_2d\cppcoursework2020-v101\debug\displayableobject.sbr
c:\users\esther\desktop\ksp_2d\cppcoursework2020-v101\debug\fontmanager.sbr
c:\users\esther\desktop\ksp_2d\cppcoursework2020-v101\debug\imagemappingdemo.sbr
c:\users\esther\desktop\ksp_2d\cppcoursework2020-v101\debug\imagemappingdemo.obj
c:\users\esther\desktop\ksp_2d\cppcoursework2020-v101\debug\fontmanager.obj
c:\users\esther\desktop\ksp_2d\cppcoursework2020-v101\debug\displayableobject.obj
c:\users\esther\desktop\ksp_2d\cppcoursework2020-v101\debug\baseengine.obj
c:\users\esther\desktop\ksp_2d\cppcoursework2020-v101\debug\mainfunction.obj
c:\users\esther\desktop\ksp_2d\cppcoursework2020-v101\debug\jigsawdemo.obj
c:\users\esther\desktop\ksp_2d\cppcoursework2020-v101\debug\flashingdemo.obj
c:\users\esther\desktop\ksp_2d\cppcoursework2020-v101\debug\drawingsurface.obj
c:\users\esther\desktop\ksp_2d\cppcoursework2020-v101\debug\draggingdemo.obj
c:\users\esther\desktop\ksp_2d\cppcoursework2020-v101\debug\simpleimage.sbr
c:\users\esther\desktop\ksp_2d\cppcoursework2020-v101\debug\jasonsdemoa.sbr
c:\users\esther\desktop\ksp_2d\cppcoursework2020-v101\debug\jasonsobjecta.sbr
c:\users\esther\desktop\ksp_2d\cppcoursework2020-v101\debug\jasonstilemanager.sbr
c:\users\esther\desktop\ksp_2d\cppcoursework2020-v101\debug\playingcardsdemo.sbr
c:\users\esther\desktop\ksp_2d\cppcoursework2020-v101\debug\rawimage.sbr
c:\users\esther\desktop\ksp_2d\cppcoursework2020-v101\debug\simpledemo.sbr
c:\users\esther\desktop\ksp_2d\cppcoursework2020-v101\debug\starfielddemo.sbr
c:\users\esther\desktop\ksp_2d\cppcoursework2020-v101\debug\tilemanager.sbr
c:\users\esther\desktop\ksp_2d\cppcoursework2020-v101\debug\bouncingball.sbr
c:\users\esther\desktop\ksp_2d\cppcoursework2020-v101\debug\bouncingballmain.sbr
c:\users\esther\desktop\ksp_2d\cppcoursework2020-v101\debug\zoomingdemo.sbr
c:\users\esther\desktop\ksp_2d\cppcoursework2020-v101\debug\zoomingdemo.obj
c:\users\esther\desktop\ksp_2d\cppcoursework2020-v101\debug\bouncingballmain.obj
c:\users\esther\desktop\ksp_2d\cppcoursework2020-v101\debug\bouncingball.obj
c:\users\esther\desktop\ksp_2d\cppcoursework2020-v101\debug\tilemanager.obj
c:\users\esther\desktop\ksp_2d\cppcoursework2020-v101\debug\starfielddemo.obj
c:\users\esther\desktop\ksp_2d\cppcoursework2020-v101\debug\simpledemo.obj
c:\users\esther\desktop\ksp_2d\cppcoursework2020-v101\debug\rawimage.obj
c:\users\esther\desktop\ksp_2d\cppcoursework2020-v101\debug\playingcardsdemo.obj
c:\users\esther\desktop\ksp_2d\cppcoursework2020-v101\debug\jasonstilemanager.obj
c:\users\esther\desktop\ksp_2d\cppcoursework2020-v101\debug\jasonsobjecta.obj
c:\users\esther\desktop\ksp_2d\cppcoursework2020-v101\debug\simpleimage.obj
c:\users\esther\desktop\ksp_2d\cppcoursework2020-v101\debug\kspmetamanager.sbr
c:\users\esther\desktop\ksp_2d\cppcoursework2020-v101\debug\rocketpart.sbr
c:\users\esther\desktop\ksp_2d\cppcoursework2020-v101\debug\rocketpart.obj
c:\users\esther\desktop\ksp_2d\cppcoursework2020-v101\debug\kspmetamanager.obj
c:\users\esther\desktop\ksp_2d\cppcoursework2020-v101\debug\celestialbody.sbr
c:\users\esther\desktop\ksp_2d\cppcoursework2020-v101\debug\main.sbr
c:\users\esther\desktop\ksp_2d\cppcoursework2020-v101\debug\physobject.sbr
c:\users\esther\desktop\ksp_2d\cppcoursework2020-v101\debug\planetobject.sbr
c:\users\esther\desktop\ksp_2d\cppcoursework2020-v101\debug\planetobject.obj
c:\users\esther\desktop\ksp_2d\cppcoursework2020-v101\debug\physobject.obj
c:\users\esther\desktop\ksp_2d\cppcoursework2020-v101\debug\main.obj
c:\users\esther\desktop\ksp_2d\cppcoursework2020-v101\debug\celestialbody.obj
c:\users\esther\desktop\ksp_2d\cppcoursework2020-v101\debug\basicspacecraft.sbr
c:\users\esther\desktop\ksp_2d\cppcoursework2020-v101\debug\builderui.sbr
c:\users\esther\desktop\ksp_2d\cppcoursework2020-v101\debug\guimanager.sbr
c:\users\esther\desktop\ksp_2d\cppcoursework2020-v101\debug\ksp2d.sbr
c:\users\esther\desktop\ksp_2d\cppcoursework2020-v101\debug\partcatalogue.sbr
c:\users\esther\desktop\ksp_2d\cppcoursework2020-v101\debug\partsprite.sbr
c:\users\esther\desktop\ksp_2d\cppcoursework2020-v101\debug\spacecraft.sbr
c:\users\esther\desktop\ksp_2d\cppcoursework2020-v101\debug\spacecraftcontrols.sbr
c:\users\esther\desktop\ksp_2d\cppcoursework2020-v101\debug\spacecraftparts.sbr
c:\users\esther\desktop\ksp_2d\cppcoursework2020-v101\debug\spacecraftcontrols.obj
c:\users\esther\desktop\ksp_2d\cppcoursework2020-v101\debug\spacecraft.obj
c:\users\esther\desktop\ksp_2d\cppcoursework2020-v101\debug\partsprite.obj
c:\users\esther\desktop\ksp_2d\cppcoursework2020-v101\debug\partcatalogue.obj
c:\users\esther\desktop\ksp_2d\cppcoursework2020-v101\debug\ksp2d.obj
c:\users\esther\desktop\ksp_2d\cppcoursework2020-v101\debug\guimanager.obj
c:\users\esther\desktop\ksp_2d\cppcoursework2020-v101\debug\builderui.obj
c:\users\esther\desktop\ksp_2d\cppcoursework2020-v101\debug\basicspacecraft.obj
c:\users\esther\desktop\ksp_2d\cppcoursework2020-v101\debug\spacecraftparts.obj
c:\users\esther\desktop\ksp_2d\cppcoursework2020-v101\debug\imageobjectdemo.obj
c:\users\esther\desktop\ksp_2d\cppcoursework2020-v101\debug\jasonsdemoa.obj
c:\users\esther\desktop\ksp_2d\cppcoursework2020-v101\debug\sdl2_framerate.sbr
c:\users\esther\desktop\ksp_2d\cppcoursework2020-v101\debug\sdl2_gfxprimitives.sbr
c:\users\esther\desktop\ksp_2d\cppcoursework2020-v101\debug\sdl2_imagefilter.sbr
c:\users\esther\desktop\ksp_2d\cppcoursework2020-v101\debug\sdl2_rotozoom.sbr
c:\users\esther\desktop\ksp_2d\cppcoursework2020-v101\debug\sdl2_rotozoom.obj
c:\users\esther\desktop\ksp_2d\cppcoursework2020-v101\debug\sdl2_imagefilter.obj
c:\users\esther\desktop\ksp_2d\cppcoursework2020-v101\debug\sdl2_gfxprimitives.obj
c:\users\esther\desktop\ksp_2d\cppcoursework2020-v101\debug\sdl2_framerate.obj
c:\users\esther\desktop\ksp_2d\cppcoursework2020-v101\debug\mazedemomain.sbr
c:\users\esther\desktop\ksp_2d\cppcoursework2020-v101\debug\mazedemoobject.sbr
c:\users\esther\desktop\ksp_2d\cppcoursework2020-v101\debug\mazedemotilemanager.sbr
c:\users\esther\desktop\ksp_2d\cppcoursework2020-v101\debug\mazedemotilemanager.obj
c:\users\esther\desktop\ksp_2d\cppcoursework2020-v101\debug\mazedemoobject.obj
c:\users\esther\desktop\ksp_2d\cppcoursework2020-v101\debug\mazedemomain.obj
c:\users\esther\desktop\ksp_2d\cppcoursework2020-v101\debug\courseworkbase2020.pdb
c:\users\esther\desktop\ksp_2d\cppcoursework2020-v101\/debug\courseworkbase2020.pdb
c:\users\esther\desktop\ksp_2d\cppcoursework2020-v101\debug\coursewo.63f64093.tlog\cl.command.1.tlog
c:\users\esther\desktop\ksp_2d\cppcoursework2020-v101\debug\coursewo.63f64093.tlog\cl.read.1.tlog
c:\users\esther\desktop\ksp_2d\cppcoursework2020-v101\debug\coursewo.63f64093.tlog\cl.write.1.tlog
c:\users\esther\desktop\ksp_2d\cppcoursework2020-v101\debug\coursewo.63f64093.tlog\link-cvtres.read.1.tlog
c:\users\esther\desktop\ksp_2d\cppcoursework2020-v101\debug\coursewo.63f64093.tlog\link-cvtres.write.1.tlog
c:\users\esther\desktop\ksp_2d\cppcoursework2020-v101\debug\coursewo.63f64093.tlog\link-rc.read.1.tlog
c:\users\esther\desktop\ksp_2d\cppcoursework2020-v101\debug\coursewo.63f64093.tlog\link-rc.write.1.tlog
c:\users\esther\desktop\ksp_2d\cppcoursework2020-v101\debug\coursewo.63f64093.tlog\link.command.1.tlog
c:\users\esther\desktop\ksp_2d\cppcoursework2020-v101\debug\coursewo.63f64093.tlog\link.read.1.tlog
c:\users\esther\desktop\ksp_2d\cppcoursework2020-v101\debug\coursewo.63f64093.tlog\link.write.1.tlog
