c:\users\psycjpu\desktop\cppcw4files\debug\vc141.pdb
c:\users\psycjpu\desktop\cppcw4files\debug\builderui.sbr
c:\users\psycjpu\desktop\cppcw4files\debug\guimanager.sbr
c:\users\psycjpu\desktop\cppcw4files\debug\spacecraftcontrols.sbr
c:\users\psycjpu\desktop\cppcw4files\debug\ksp2d.sbr
c:\users\psycjpu\desktop\cppcw4files\debug\main.sbr
c:\users\psycjpu\desktop\cppcw4files\debug\celestialbody.sbr
c:\users\psycjpu\desktop\cppcw4files\debug\physobject.sbr
c:\users\psycjpu\desktop\cppcw4files\debug\planetobject.sbr
c:\users\psycjpu\desktop\cppcw4files\debug\kspmetamanager.sbr
c:\users\psycjpu\desktop\cppcw4files\debug\partsprite.sbr
c:\users\psycjpu\desktop\cppcw4files\debug\fontmanager.sbr
c:\users\psycjpu\desktop\cppcw4files\debug\fontmanager.obj
c:\users\psycjpu\desktop\cppcw4files\debug\partsprite.obj
c:\users\psycjpu\desktop\cppcw4files\debug\kspmetamanager.obj
c:\users\psycjpu\desktop\cppcw4files\debug\planetobject.obj
c:\users\psycjpu\desktop\cppcw4files\debug\celestialbody.obj
c:\users\psycjpu\desktop\cppcw4files\debug\main.obj
c:\users\psycjpu\desktop\cppcw4files\debug\ksp2d.obj
c:\users\psycjpu\desktop\cppcw4files\debug\spacecraftcontrols.obj
c:\users\psycjpu\desktop\cppcw4files\debug\guimanager.obj
c:\users\psycjpu\desktop\cppcw4files\debug\builderui.obj
c:\users\psycjpu\desktop\cppcw4files\debug\rawimage.sbr
c:\users\psycjpu\desktop\cppcw4files\debug\tilemanager.sbr
c:\users\psycjpu\desktop\cppcw4files\debug\tilemanager.obj
c:\users\psycjpu\desktop\cppcw4files\debug\rawimage.obj
c:\users\psycjpu\desktop\cppcw4files\debug\
c:\users\psycjpu\desktop\cppcw4files\debug\rocketpart.sbr
c:\users\psycjpu\desktop\cppcw4files\debug\spacecraftparts.sbr
c:\users\psycjpu\desktop\cppcw4files\debug\basicspacecraft.sbr
c:\users\psycjpu\desktop\cppcw4files\debug\spacecraft.sbr
c:\users\psycjpu\desktop\cppcw4files\debug\drawingsurface.sbr
c:\users\psycjpu\desktop\cppcw4files\debug\baseengine.sbr
c:\users\psycjpu\desktop\cppcw4files\debug\displayableobject.sbr
c:\users\psycjpu\desktop\cppcw4files\debug\simpleimage.sbr
c:\users\psycjpu\desktop\cppcw4files\debug\simpleimage.obj
c:\users\psycjpu\desktop\cppcw4files\debug\displayableobject.obj
c:\users\psycjpu\desktop\cppcw4files\debug\baseengine.obj
c:\users\psycjpu\desktop\cppcw4files\debug\drawingsurface.obj
c:\users\psycjpu\desktop\cppcw4files\debug\spacecraft.obj
c:\users\psycjpu\desktop\cppcw4files\debug\basicspacecraft.obj
c:\users\psycjpu\desktop\cppcw4files\debug\rocketpart.obj
c:\users\psycjpu\desktop\cppcw4files\debug\physobject.obj
c:\users\psycjpu\desktop\cppcw4files\debug\coursewo.63f64093.tlog\cl.command.1.tlog
c:\users\psycjpu\desktop\cppcw4files\debug\coursewo.63f64093.tlog\cl.read.1.tlog
c:\users\psycjpu\desktop\cppcw4files\debug\coursewo.63f64093.tlog\cl.write.1.tlog
