  BasicSpacecraft.cpp
  BuilderUI.cpp
  CelestialBody.cpp
  DraggingDemo.cpp
  DrawingSurface.cpp
  FlashingDemo.cpp
  GUIManager.cpp
  ImageObjectDemo.cpp
  JigsawDemo.cpp
  KSP2D.cpp
  KSPMetaManager.cpp
  main.cpp
  mainfunction.cpp
  BaseEngine.cpp
  DisplayableObject.cpp
  FontManager.cpp
  ImageMappingDemo.cpp
  PartCatalogue.cpp
  PartSprite.cpp
  PhysObject.cpp
  Generating Code...
z:\ksp_2d\cppcoursework2020-v101\src\rocketpart.h(51): warning C4715: 'RocketPart::oppositeSide': not all control paths return a value
  Compiling...
  PlanetObject.cpp
  RocketPart.cpp
  SimpleImage.cpp
  JasonsDemoA.cpp
  JasonsObjectA.cpp
  JasonsTileManager.cpp
  PlayingCardsDemo.cpp
  RawImage.cpp
  SimpleDemo.cpp
  Spacecraft.cpp
  SpacecraftControls.cpp
  SpacecraftParts.cpp
  StarfieldDemo.cpp
  TileManager.cpp
  BouncingBall.cpp
  BouncingBallMain.cpp
  MazeDemoMain.cpp
  MazeDemoObject.cpp
  MazeDemoTileManager.cpp
  ZoomingDemo.cpp
  Generating Code...
z:\ksp_2d\cppcoursework2020-v101\src\rocketpart.h(51): warning C4715: 'RocketPart::oppositeSide': not all control paths return a value
z:\ksp_2d\cppcoursework2020-v101\src\spacecraftparts.cpp(138): warning C4700: uninitialized local variable 'avX' used
z:\ksp_2d\cppcoursework2020-v101\src\spacecraftparts.cpp(139): warning C4700: uninitialized local variable 'avY' used
z:\ksp_2d\cppcoursework2020-v101\src\rocketpart.h(51): warning C4715: 'RocketPart::oppositeSide': not all control paths return a value
  SDL2_framerate.c
  SDL2_gfxPrimitives.c
  SDL2_imageFilter.c
  SDL2_rotozoom.c
  Generating Code...
  CourseworkBase.vcxproj -> Z:\ksp_2d\CPPCoursework2020-v101\/Release\CourseworkBase2020.exe
