z:\ksp_2d\cppcoursework2020-v101\release\vc141.pdb
z:\ksp_2d\cppcoursework2020-v101\release\physobject.obj
z:\ksp_2d\cppcoursework2020-v101\release\partsprite.obj
z:\ksp_2d\cppcoursework2020-v101\release\partcatalogue.obj
z:\ksp_2d\cppcoursework2020-v101\release\imagemappingdemo.obj
z:\ksp_2d\cppcoursework2020-v101\release\fontmanager.obj
z:\ksp_2d\cppcoursework2020-v101\release\displayableobject.obj
z:\ksp_2d\cppcoursework2020-v101\release\baseengine.obj
z:\ksp_2d\cppcoursework2020-v101\release\mainfunction.obj
z:\ksp_2d\cppcoursework2020-v101\release\main.obj
z:\ksp_2d\cppcoursework2020-v101\release\kspmetamanager.obj
z:\ksp_2d\cppcoursework2020-v101\release\ksp2d.obj
z:\ksp_2d\cppcoursework2020-v101\release\jigsawdemo.obj
z:\ksp_2d\cppcoursework2020-v101\release\imageobjectdemo.obj
z:\ksp_2d\cppcoursework2020-v101\release\guimanager.obj
z:\ksp_2d\cppcoursework2020-v101\release\flashingdemo.obj
z:\ksp_2d\cppcoursework2020-v101\release\drawingsurface.obj
z:\ksp_2d\cppcoursework2020-v101\release\draggingdemo.obj
z:\ksp_2d\cppcoursework2020-v101\release\celestialbody.obj
z:\ksp_2d\cppcoursework2020-v101\release\builderui.obj
z:\ksp_2d\cppcoursework2020-v101\release\basicspacecraft.obj
z:\ksp_2d\cppcoursework2020-v101\release\zoomingdemo.obj
z:\ksp_2d\cppcoursework2020-v101\release\mazedemotilemanager.obj
z:\ksp_2d\cppcoursework2020-v101\release\mazedemoobject.obj
z:\ksp_2d\cppcoursework2020-v101\release\mazedemomain.obj
z:\ksp_2d\cppcoursework2020-v101\release\bouncingballmain.obj
z:\ksp_2d\cppcoursework2020-v101\release\bouncingball.obj
z:\ksp_2d\cppcoursework2020-v101\release\tilemanager.obj
z:\ksp_2d\cppcoursework2020-v101\release\starfielddemo.obj
z:\ksp_2d\cppcoursework2020-v101\release\spacecraftparts.obj
z:\ksp_2d\cppcoursework2020-v101\release\spacecraftcontrols.obj
z:\ksp_2d\cppcoursework2020-v101\release\spacecraft.obj
z:\ksp_2d\cppcoursework2020-v101\release\simpledemo.obj
z:\ksp_2d\cppcoursework2020-v101\release\rawimage.obj
z:\ksp_2d\cppcoursework2020-v101\release\playingcardsdemo.obj
z:\ksp_2d\cppcoursework2020-v101\release\jasonstilemanager.obj
z:\ksp_2d\cppcoursework2020-v101\release\jasonsobjecta.obj
z:\ksp_2d\cppcoursework2020-v101\release\jasonsdemoa.obj
z:\ksp_2d\cppcoursework2020-v101\release\simpleimage.obj
z:\ksp_2d\cppcoursework2020-v101\release\rocketpart.obj
z:\ksp_2d\cppcoursework2020-v101\release\planetobject.obj
z:\ksp_2d\cppcoursework2020-v101\release\sdl2_rotozoom.obj
z:\ksp_2d\cppcoursework2020-v101\release\sdl2_imagefilter.obj
z:\ksp_2d\cppcoursework2020-v101\release\sdl2_gfxprimitives.obj
z:\ksp_2d\cppcoursework2020-v101\release\sdl2_framerate.obj
z:\ksp_2d\cppcoursework2020-v101\release\courseworkbase2020.exe
z:\ksp_2d\cppcoursework2020-v101\release\courseworkbase2020.ilk
z:\ksp_2d\cppcoursework2020-v101\release\courseworkbase2020.pdb
z:\ksp_2d\cppcoursework2020-v101\/release\courseworkbase2020.pdb
z:\ksp_2d\cppcoursework2020-v101\/release\courseworkbase2020.exe
z:\ksp_2d\cppcoursework2020-v101\/release\courseworkbase2020.ilk
z:\ksp_2d\cppcoursework2020-v101\release\coursewo.63f64093.tlog\cl.command.1.tlog
z:\ksp_2d\cppcoursework2020-v101\release\coursewo.63f64093.tlog\cl.read.1.tlog
z:\ksp_2d\cppcoursework2020-v101\release\coursewo.63f64093.tlog\cl.write.1.tlog
z:\ksp_2d\cppcoursework2020-v101\release\coursewo.63f64093.tlog\link.command.1.tlog
z:\ksp_2d\cppcoursework2020-v101\release\coursewo.63f64093.tlog\link.read.1.tlog
z:\ksp_2d\cppcoursework2020-v101\release\coursewo.63f64093.tlog\link.write.1.tlog
